<?xml version="1.0" encoding="UTF-8"?>
<!-- Generated by org.testng.reporters.JUnitReportReporter -->
<testsuite hostname="DESKTOP-JD7E16E" failures="0" tests="1" name="sakib126.FirefoxTest" time="15.777" errors="0" timestamp="2024-11-27T17:58:06 GMT+06:00" skipped="0">
  <testcase classname="sakib126.FirefoxTest" name="signuptest" time="15.777"/>
</testsuite> <!-- sakib126.FirefoxTest -->
