<?xml version="1.0" encoding="UTF-8"?>
<!-- Generated by org.testng.reporters.JUnitReportReporter -->
<testsuite hostname="DESKTOP-JD7E16E" failures="0" tests="3" name="sakib126.Labexam" time="77.372" errors="0" timestamp="2024-11-24T01:39:00 GMT+06:00" skipped="0">
  <testcase classname="sakib126.Labexam" name="signuptest" time="32.610"/>
  <testcase classname="sakib126.Labexam" name="signuptest" time="15.028"/>
  <testcase classname="sakib126.Labexam" name="signuptest" time="29.734"/>
</testsuite> <!-- sakib126.Labexam -->
